<?xml version="1.0" encoding="UTF-8"?>
<!-- Generated by org.testng.reporters.JUnitXMLReporter -->
<testsuite hostname="M0891" name="Default test" tests="3" failures="0" timestamp="29 Jul 2019 06:18:30 GMT" time="110.927" errors="0">
  <testcase name="S017_loginTenantadmin" time="0.232" classname="com.automation.testscript.ProcessStudioWF"/>
  <testcase name="PS_WF_diverted" time="57.994" classname="com.automation.testscript.ProcessStudioWF"/>
  <testcase name="PS_WF_diverted1" time="52.68" classname="com.automation.testscript.ProcessStudioWF"/>
</testsuite> <!-- Default test -->
