<?xml version="1.0" encoding="UTF-8"?>
<!-- Generated by org.testng.reporters.JUnitXMLReporter -->
<testsuite hostname="M0776" name="Default test" tests="2" failures="0" timestamp="31 Jul 2019 12:12:30 GMT" time="4.521" errors="0">
  <testcase name="verifyCheckAllaOption" time="3.2" classname="com.automation.testscript.verifyRequestPageTestScript"/>
  <testcase name="verifyDefaultOptions" time="0.942" classname="com.automation.testscript.verifyRequestPageTestScript"/>
</testsuite> <!-- Default test -->
