<?xml version="1.0" encoding="UTF-8"?>
<!-- Generated by org.testng.reporters.JUnitXMLReporter -->
<testsuite hostname="M0776" name="Default test" tests="2" failures="0" timestamp="30 Jul 2019 13:17:53 GMT" time="5.301" errors="0">
  <testcase name="verifyCheckAllaOption" time="3.935" classname="com.automation.testscript.verifyRequestAttributeValue"/>
  <testcase name="verifyDefaultOptions" time="1.073" classname="com.automation.testscript.verifyRequestAttributeValue"/>
</testsuite> <!-- Default test -->
