<?xml version="1.0" encoding="UTF-8"?>
<testng-results skipped="0" failed="0" total="2" passed="2">
  <reporter-output>
    <line>
      <![CDATA[=====Browser Session Started=====]]>
    </line>
    <line>
      <![CDATA[=====Application Started=====]]>
    </line>
  </reporter-output>
  <suite name="Default suite" duration-ms="4521" started-at="2019-07-31T12:12:25Z" finished-at="2019-07-31T12:12:30Z">
    <groups>
    </groups>
    <test name="Default test" duration-ms="4521" started-at="2019-07-31T12:12:25Z" finished-at="2019-07-31T12:12:30Z">
      <class name="com.automation.testscript.verifyRequestPageTestScript">
        <test-method status="PASS" signature="loadPage()[pri:0, instance:com.automation.testscript.verifyRequestPageTestScript@724af044]" name="loadPage" is-config="true" duration-ms="6952" started-at="2019-07-31T17:42:18Z" finished-at="2019-07-31T17:42:25Z">
          <reporter-output>
            <line>
              <![CDATA[=====Browser Session Started=====]]>
            </line>
            <line>
              <![CDATA[=====Application Started=====]]>
            </line>
          </reporter-output>
        </test-method> <!-- loadPage -->
        <test-method status="PASS" signature="S017_loginTenantadmin()[pri:0, instance:com.automation.testscript.verifyRequestPageTestScript@724af044]" name="S017_loginTenantadmin" is-config="true" duration-ms="364" started-at="2019-07-31T17:42:25Z" description="This is Tenant Admin Login function" finished-at="2019-07-31T17:42:26Z">
          <reporter-output>
          </reporter-output>
        </test-method> <!-- S017_loginTenantadmin -->
        <test-method status="PASS" signature="verifyCheckAllaOption()[pri:0, instance:com.automation.testscript.verifyRequestPageTestScript@724af044]" name="verifyCheckAllaOption" duration-ms="3200" started-at="2019-07-31T17:42:26Z" description="Verify check alla option" finished-at="2019-07-31T17:42:29Z">
          <reporter-output>
          </reporter-output>
        </test-method> <!-- verifyCheckAllaOption -->
        <test-method status="PASS" signature="verifyDefaultOptions()[pri:0, instance:com.automation.testscript.verifyRequestPageTestScript@724af044]" name="verifyDefaultOptions" duration-ms="942" started-at="2019-07-31T17:42:29Z" description="Testcase for :: Verify default options get selected or not" finished-at="2019-07-31T17:42:30Z">
          <reporter-output>
          </reporter-output>
        </test-method> <!-- verifyDefaultOptions -->
        <test-method status="PASS" signature="closePage()[pri:0, instance:com.automation.testscript.verifyRequestPageTestScript@724af044]" name="closePage" is-config="true" duration-ms="787" started-at="2019-07-31T17:42:30Z" finished-at="2019-07-31T17:42:31Z">
          <reporter-output>
          </reporter-output>
        </test-method> <!-- closePage -->
      </class> <!-- com.automation.testscript.verifyRequestPageTestScript -->
    </test> <!-- Default test -->
  </suite> <!-- Default suite -->
</testng-results>
