<?xml version="1.0" encoding="UTF-8"?>
<testng-results skipped="0" failed="0" total="2" passed="2">
  <reporter-output>
    <line>
      <![CDATA[=====Browser Session Started=====]]>
    </line>
    <line>
      <![CDATA[=====Application Started=====]]>
    </line>
  </reporter-output>
  <suite name="Default suite" duration-ms="5301" started-at="2019-07-30T13:17:48Z" finished-at="2019-07-30T13:17:53Z">
    <groups>
    </groups>
    <test name="Default test" duration-ms="5301" started-at="2019-07-30T13:17:48Z" finished-at="2019-07-30T13:17:53Z">
      <class name="com.automation.testscript.verifyRequestAttributeValue">
        <test-method status="PASS" signature="loadPage()[pri:0, instance:com.automation.testscript.verifyRequestAttributeValue@8bd1b6a]" name="loadPage" is-config="true" duration-ms="11370" started-at="2019-07-30T18:47:37Z" finished-at="2019-07-30T18:47:48Z">
          <reporter-output>
            <line>
              <![CDATA[=====Browser Session Started=====]]>
            </line>
            <line>
              <![CDATA[=====Application Started=====]]>
            </line>
          </reporter-output>
        </test-method> <!-- loadPage -->
        <test-method status="PASS" signature="tenantAdminLogin()[pri:0, instance:com.automation.testscript.verifyRequestAttributeValue@8bd1b6a]" name="tenantAdminLogin" is-config="true" duration-ms="279" started-at="2019-07-30T18:47:48Z" finished-at="2019-07-30T18:47:48Z">
          <reporter-output>
          </reporter-output>
        </test-method> <!-- tenantAdminLogin -->
        <test-method status="PASS" signature="verifyCheckAllaOption()[pri:0, instance:com.automation.testscript.verifyRequestAttributeValue@8bd1b6a]" name="verifyCheckAllaOption" duration-ms="3935" started-at="2019-07-30T18:47:48Z" description="Verify check alla option" finished-at="2019-07-30T18:47:52Z">
          <reporter-output>
          </reporter-output>
        </test-method> <!-- verifyCheckAllaOption -->
        <test-method status="PASS" signature="verifyDefaultOptions()[pri:0, instance:com.automation.testscript.verifyRequestAttributeValue@8bd1b6a]" name="verifyDefaultOptions" duration-ms="1073" started-at="2019-07-30T18:47:52Z" description="Testcase for :: Verify default options get selected or not" finished-at="2019-07-30T18:47:53Z">
          <reporter-output>
          </reporter-output>
        </test-method> <!-- verifyDefaultOptions -->
        <test-method status="PASS" signature="closePage()[pri:0, instance:com.automation.testscript.verifyRequestAttributeValue@8bd1b6a]" name="closePage" is-config="true" duration-ms="1195" started-at="2019-07-30T18:47:53Z" description="it will close all the browser instances" finished-at="2019-07-30T18:47:55Z">
          <reporter-output>
          </reporter-output>
        </test-method> <!-- closePage -->
      </class> <!-- com.automation.testscript.verifyRequestAttributeValue -->
    </test> <!-- Default test -->
  </suite> <!-- Default suite -->
</testng-results>
