<?xml version="1.0" encoding="UTF-8"?>
<testng-results skipped="0" failed="0" total="0" passed="0">
  <reporter-output>
    <line>
      <![CDATA[=====Browser Session Started=====]]>
    </line>
    <line>
      <![CDATA[=====Application Started=====]]>
    </line>
  </reporter-output>
  <suite name="Automation Framework" duration-ms="10" started-at="2019-08-21T12:11:15Z" finished-at="2019-08-21T12:11:15Z">
    <groups>
    </groups>
    <test name="Sysadmin" duration-ms="10" started-at="2019-08-21T12:11:15Z" finished-at="2019-08-21T12:11:15Z">
      <class name="com.automation.testscript.SysadminTestScript">
        <test-method status="PASS" signature="setUp()[pri:0, instance:com.automation.testscript.SysadminTestScript@224edc67]" name="setUp" is-config="true" duration-ms="9875" started-at="2019-08-21T17:41:06Z" finished-at="2019-08-21T17:41:15Z">
          <reporter-output>
            <line>
              <![CDATA[=====Browser Session Started=====]]>
            </line>
            <line>
              <![CDATA[=====Application Started=====]]>
            </line>
          </reporter-output>
        </test-method> <!-- setUp -->
        <test-method status="PASS" signature="tearDown()[pri:0, instance:com.automation.testscript.SysadminTestScript@224edc67]" name="tearDown" is-config="true" duration-ms="1432" started-at="2019-08-21T17:41:15Z" finished-at="2019-08-21T17:41:17Z">
          <reporter-output>
          </reporter-output>
        </test-method> <!-- tearDown -->
      </class> <!-- com.automation.testscript.SysadminTestScript -->
    </test> <!-- Sysadmin -->
  </suite> <!-- Automation Framework -->
</testng-results>
