<?xml version="1.0" encoding="UTF-8"?>
<testng-results skipped="0" failed="0" total="3" passed="3">
  <reporter-output>
    <line>
      <![CDATA[=====Browser Session Started=====]]>
    </line>
    <line>
      <![CDATA[=====Application Started=====]]>
    </line>
  </reporter-output>
  <suite name="Default suite" duration-ms="110927" started-at="2019-07-29T06:16:39Z" finished-at="2019-07-29T06:18:30Z">
    <groups>
    </groups>
    <test name="Default test" duration-ms="110927" started-at="2019-07-29T06:16:39Z" finished-at="2019-07-29T06:18:30Z">
      <class name="com.automation.testscript.ProcessStudioWF">
        <test-method status="PASS" signature="loadPage()[pri:0, instance:com.automation.testscript.ProcessStudioWF@4678c730]" name="loadPage" is-config="true" duration-ms="7007" started-at="2019-07-29T11:46:32Z" finished-at="2019-07-29T11:46:39Z">
          <reporter-output>
            <line>
              <![CDATA[=====Browser Session Started=====]]>
            </line>
            <line>
              <![CDATA[=====Application Started=====]]>
            </line>
          </reporter-output>
        </test-method> <!-- loadPage -->
        <test-method status="PASS" signature="S017_loginTenantadmin()[pri:0, instance:com.automation.testscript.ProcessStudioWF@4678c730]" name="S017_loginTenantadmin" duration-ms="232" started-at="2019-07-29T11:46:39Z" finished-at="2019-07-29T11:46:39Z">
          <reporter-output>
          </reporter-output>
        </test-method> <!-- S017_loginTenantadmin -->
        <test-method status="PASS" signature="PS_WF_diverted()[pri:0, instance:com.automation.testscript.ProcessStudioWF@4678c730]" name="PS_WF_diverted" duration-ms="57994" started-at="2019-07-29T11:46:39Z" finished-at="2019-07-29T11:47:37Z">
          <reporter-output>
          </reporter-output>
        </test-method> <!-- PS_WF_diverted -->
        <test-method status="PASS" signature="PS_WF_diverted1()[pri:0, instance:com.automation.testscript.ProcessStudioWF@4678c730]" name="PS_WF_diverted1" duration-ms="52680" started-at="2019-07-29T11:47:37Z" finished-at="2019-07-29T11:48:30Z">
          <reporter-output>
          </reporter-output>
        </test-method> <!-- PS_WF_diverted1 -->
        <test-method status="PASS" signature="closePage()[pri:0, instance:com.automation.testscript.ProcessStudioWF@4678c730]" name="closePage" is-config="true" duration-ms="821" started-at="2019-07-29T11:48:30Z" finished-at="2019-07-29T11:48:31Z">
          <reporter-output>
          </reporter-output>
        </test-method> <!-- closePage -->
      </class> <!-- com.automation.testscript.ProcessStudioWF -->
    </test> <!-- Default test -->
  </suite> <!-- Default suite -->
</testng-results>
