<?xml version="1.0" encoding="UTF-8"?>
<testng-results skipped="0" failed="0" total="1" passed="1">
  <reporter-output>
    <line>
      <![CDATA[=====Browser Session Started=====]]>
    </line>
    <line>
      <![CDATA[=====Application Started=====]]>
    </line>
  </reporter-output>
  <suite name="Suite" duration-ms="280" started-at="2019-07-24T13:16:57Z" finished-at="2019-07-24T13:16:57Z">
    <groups>
    </groups>
    <test name="Test" duration-ms="280" started-at="2019-07-24T13:16:57Z" finished-at="2019-07-24T13:16:57Z">
      <class name="com.automation.testscript.AELoginTestScript">
        <test-method status="PASS" signature="loadPage()[pri:0, instance:com.automation.testscript.AELoginTestScript@2f7a2457]" name="loadPage" is-config="true" duration-ms="7241" started-at="2019-07-24T18:46:49Z" finished-at="2019-07-24T18:46:57Z">
          <reporter-output>
            <line>
              <![CDATA[=====Browser Session Started=====]]>
            </line>
            <line>
              <![CDATA[=====Application Started=====]]>
            </line>
          </reporter-output>
        </test-method> <!-- loadPage -->
        <test-method status="PASS" signature="verifyLogin_S002()[pri:0, instance:com.automation.testscript.AELoginTestScript@2f7a2457]" name="verifyLogin_S002" duration-ms="274" started-at="2019-07-24T18:46:57Z" finished-at="2019-07-24T18:46:57Z">
          <reporter-output>
          </reporter-output>
        </test-method> <!-- verifyLogin_S002 -->
        <test-method status="PASS" signature="closePage()[pri:0, instance:com.automation.testscript.AELoginTestScript@2f7a2457]" name="closePage" is-config="true" duration-ms="879" started-at="2019-07-24T18:46:57Z" finished-at="2019-07-24T18:46:58Z">
          <reporter-output>
          </reporter-output>
        </test-method> <!-- closePage -->
      </class> <!-- com.automation.testscript.AELoginTestScript -->
    </test> <!-- Test -->
  </suite> <!-- Suite -->
</testng-results>
